ARM GAS  D:\Temp\cctB3Eek.s 			page 1


   1              		.cpu cortex-m3
   2              		.eabi_attribute 20, 1
   3              		.eabi_attribute 21, 1
   4              		.eabi_attribute 23, 3
   5              		.eabi_attribute 24, 1
   6              		.eabi_attribute 25, 1
   7              		.eabi_attribute 26, 1
   8              		.eabi_attribute 30, 1
   9              		.eabi_attribute 34, 1
  10              		.eabi_attribute 18, 4
  11              		.file	"croutine.c"
  12              		.text
  13              	.Ltext0:
  14              		.cfi_sections	.debug_frame
  15              	.Letext0:
  16              		.file 1 "d:\\stm32\\gnu mcu eclipse\\arm embedded gcc\\8.2.1-1.4-20190214-0604\\arm-none-eabi\\inc
  17              		.file 2 "d:\\stm32\\gnu mcu eclipse\\arm embedded gcc\\8.2.1-1.4-20190214-0604\\arm-none-eabi\\inc
  18              		.file 3 "Inc/FreeRTOSConfig.h"
ARM GAS  D:\Temp\cctB3Eek.s 			page 2


DEFINED SYMBOLS
                            *ABS*:0000000000000000 croutine.c

NO UNDEFINED SYMBOLS
